time="2023-02-08T02:17:00+02:00" level=info msg="Create Httprouter!" func="main.main()" file="app.go:19"
time="2023-02-08T02:17:00+02:00" level=info msg="Create config!" func="main.main()" file="app.go:21"
time="2023-02-08T02:17:00+02:00" level=info msg="Read aplication configuration" func="FirstProject/internal/config.GetConfig.func1()" file="config.go:24"
time="2023-02-08T02:17:00+02:00" level=info msg="listen tcp" func="main.start()" file="app.go:44"
time="2023-02-08T02:17:00+02:00" level=info msg="Server listen :10000" func="main.start()" file="app.go:46"
time="2023-02-08T02:18:02+02:00" level=info msg="Create Httprouter!" func="main.main()" file="app.go:19"
time="2023-02-08T02:18:02+02:00" level=info msg="Create config!" func="main.main()" file="app.go:21"
time="2023-02-08T02:18:02+02:00" level=info msg="Read aplication configuration" func="FirstProject/internal/config.GetConfig.func1()" file="config.go:24"
time="2023-02-08T02:18:02+02:00" level=info msg="listen tcp" func="main.start()" file="app.go:44"
time="2023-02-08T02:18:02+02:00" level=info msg="Server listen :10000" func="main.start()" file="app.go:46"
time="2023-02-08T02:19:04+02:00" level=info msg="Create Httprouter!" func="main.main()" file="app.go:19"
time="2023-02-08T02:19:04+02:00" level=info msg="Create config!" func="main.main()" file="app.go:21"
time="2023-02-08T02:19:04+02:00" level=info msg="Read aplication configuration" func="FirstProject/internal/config.GetConfig.func1()" file="config.go:24"
time="2023-02-08T02:19:04+02:00" level=info msg="Create  Socket" func="main.start()" file="app.go:38"
time="2023-02-08T02:19:04+02:00" level=debug msg="Socket path: C:\\Users\\lasyt\\IdeaProjects\\FirstProject\\build/app.sock" func="main.start()" file="app.go:40"
time="2023-02-08T02:19:04+02:00" level=info msg="Listen Unix socket" func="main.start()" file="app.go:41"
time="2023-02-08T02:30:38+02:00" level=info msg="Create Httprouter!" func="main.main()" file="app.go:19"
time="2023-02-08T02:30:38+02:00" level=info msg="Create config!" func="main.main()" file="app.go:21"
time="2023-02-08T02:30:38+02:00" level=info msg="Read aplication configuration" func="FirstProject/internal/config.GetConfig.func1()" file="config.go:24"
time="2023-02-08T02:30:38+02:00" level=info msg="listen tcp" func="main.start()" file="app.go:44"
time="2023-02-08T02:30:38+02:00" level=info msg="Server listen 127.0.0.1:10000" func="main.start()" file="app.go:46"
time="2023-02-15T21:23:09+02:00" level=info msg="Create Httprouter!" func="main.main()" file="app.go:19"
time="2023-02-15T21:23:09+02:00" level=info msg="Create config!" func="main.main()" file="app.go:21"
time="2023-02-15T21:23:10+02:00" level=info msg="Read aplication configuration" func="FirstProject/internal/config.GetConfig.func1()" file="config.go:24"
time="2023-02-15T21:23:11+02:00" level=info msg="listen tcp" func="main.start()" file="app.go:44"
time="2023-02-15T21:23:11+02:00" level=info msg="Server listen 127.0.0.1:10000" func="main.start()" file="app.go:46"
time="2023-02-15T21:43:34+02:00" level=info msg="Create Httprouter!" func="main.main()" file="app.go:20"
time="2023-02-15T21:43:34+02:00" level=info msg="Create config!" func="main.main()" file="app.go:22"
time="2023-02-15T21:43:34+02:00" level=info msg="Read aplication configuration" func="FirstProject/internal/config.GetConfig.func1()" file="config.go:25"
time="2023-02-15T21:43:34+02:00" level=info msg="Create client database!" func="main.main()" file="app.go:24"
time="2023-02-15T21:43:36+02:00" level=fatal msg="dial tcp [::1]:5432: connectex: No connection could be made because the target machine actively refused it." func="main.main()" file="app.go:28"
time="2023-02-15T21:44:52+02:00" level=info msg="Create Httprouter!" func="main.main()" file="app.go:20"
time="2023-02-15T21:44:52+02:00" level=info msg="Create config!" func="main.main()" file="app.go:22"
time="2023-02-15T21:44:52+02:00" level=info msg="Read aplication configuration" func="FirstProject/internal/config.GetConfig.func1()" file="config.go:25"
time="2023-02-15T21:44:52+02:00" level=info msg="Create client database!" func="main.main()" file="app.go:24"
time="2023-02-15T21:44:54+02:00" level=fatal msg="dial tcp [::1]:5432: connectex: No connection could be made because the target machine actively refused it." func="main.main()" file="app.go:28"
time="2023-02-15T21:45:24+02:00" level=info msg="Create Httprouter!" func="main.main()" file="app.go:20"
time="2023-02-15T21:45:24+02:00" level=info msg="Create config!" func="main.main()" file="app.go:22"
time="2023-02-15T21:45:24+02:00" level=info msg="Read aplication configuration" func="FirstProject/internal/config.GetConfig.func1()" file="config.go:25"
time="2023-02-15T21:45:24+02:00" level=info msg="Create client database!" func="main.main()" file="app.go:24"
time="2023-02-15T21:45:53+02:00" level=fatal msg="dial tcp [::1]:5432: connectex: No connection could be made because the target machine actively refused it." func="main.main()" file="app.go:28"
time="2023-02-15T22:24:28+02:00" level=info msg="Create Httprouter!" func="main.main()" file="app.go:20"
time="2023-02-15T22:24:28+02:00" level=info msg="Create config!" func="main.main()" file="app.go:22"
time="2023-02-15T22:24:28+02:00" level=info msg="Read aplication configuration" func="FirstProject/internal/config.GetConfig.func1()" file="config.go:25"
time="2023-02-15T22:24:28+02:00" level=info msg="Create client database!" func="main.main()" file="app.go:24"
time="2023-02-15T22:24:28+02:00" level=fatal msg="pq: SSL is not enabled on the server" func="main.main()" file="app.go:28"
time="2023-02-15T22:26:04+02:00" level=info msg="Create Httprouter!" func="main.main()" file="app.go:20"
time="2023-02-15T22:26:04+02:00" level=info msg="Create config!" func="main.main()" file="app.go:22"
time="2023-02-15T22:26:04+02:00" level=info msg="Read aplication configuration" func="FirstProject/internal/config.GetConfig.func1()" file="config.go:25"
time="2023-02-15T22:26:04+02:00" level=info msg="Create client database!" func="main.main()" file="app.go:24"
time="2023-02-15T22:26:04+02:00" level=fatal msg="pq: unsupported sslmode \"disabled\"; only \"require\" (default), \"verify-full\", \"verify-ca\", and \"disable\" supported" func="main.main()" file="app.go:28"
time="2023-02-15T22:26:35+02:00" level=info msg="Create Httprouter!" func="main.main()" file="app.go:20"
time="2023-02-15T22:26:35+02:00" level=info msg="Create config!" func="main.main()" file="app.go:22"
time="2023-02-15T22:26:35+02:00" level=info msg="Read aplication configuration" func="FirstProject/internal/config.GetConfig.func1()" file="config.go:25"
time="2023-02-15T22:26:35+02:00" level=info msg="Create client database!" func="main.main()" file="app.go:24"
time="2023-02-15T22:26:35+02:00" level=fatal msg="pq: \xef\xee\xeb\xfc\xe7\xee\xe2\xe0\xf2\xe5\xeb\xfc \"lasyt\" \xed\xe5 \xef\xf0\xee\xf8\xb8\xeb \xef\xf0\xee\xe2\xe5\xf0\xea\xf3 \xef\xee\xe4\xeb\xe8\xed\xed\xee\xf1\xf2\xe8 (\xef\xee \xef\xe0\xf0\xee\xeb\xfe)" func="main.main()" file="app.go:28"
time="2023-02-15T22:27:04+02:00" level=info msg="Create Httprouter!" func="main.main()" file="app.go:20"
time="2023-02-15T22:27:04+02:00" level=info msg="Create config!" func="main.main()" file="app.go:22"
time="2023-02-15T22:27:04+02:00" level=info msg="Read aplication configuration" func="FirstProject/internal/config.GetConfig.func1()" file="config.go:25"
time="2023-02-15T22:27:04+02:00" level=info msg="Create client database!" func="main.main()" file="app.go:24"
time="2023-02-15T22:27:04+02:00" level=fatal msg="pq: \xef\xee\xeb\xfc\xe7\xee\xe2\xe0\xf2\xe5\xeb\xfc \"lasyt\" \xed\xe5 \xef\xf0\xee\xf8\xb8\xeb \xef\xf0\xee\xe2\xe5\xf0\xea\xf3 \xef\xee\xe4\xeb\xe8\xed\xed\xee\xf1\xf2\xe8 (\xef\xee \xef\xe0\xf0\xee\xeb\xfe)" func="main.main()" file="app.go:28"
time="2023-02-15T22:30:06+02:00" level=info msg="Create Httprouter!" func="main.main()" file="app.go:20"
time="2023-02-15T22:30:06+02:00" level=info msg="Create config!" func="main.main()" file="app.go:22"
time="2023-02-15T22:30:06+02:00" level=info msg="Read aplication configuration" func="FirstProject/internal/config.GetConfig.func1()" file="config.go:25"
time="2023-02-15T22:30:06+02:00" level=info msg="Create client database!" func="main.main()" file="app.go:24"
time="2023-02-15T22:30:06+02:00" level=fatal msg="pq: \xef\xee\xeb\xfc\xe7\xee\xe2\xe0\xf2\xe5\xeb\xfc \"lasyt\" \xed\xe5 \xef\xf0\xee\xf8\xb8\xeb \xef\xf0\xee\xe2\xe5\xf0\xea\xf3 \xef\xee\xe4\xeb\xe8\xed\xed\xee\xf1\xf2\xe8 (\xef\xee \xef\xe0\xf0\xee\xeb\xfe)" func="main.main()" file="app.go:28"
time="2023-02-15T22:46:20+02:00" level=info msg="Create Httprouter!" func="main.main()" file="app.go:20"
time="2023-02-15T22:46:20+02:00" level=info msg="Create config!" func="main.main()" file="app.go:22"
time="2023-02-15T22:46:20+02:00" level=info msg="Read aplication configuration" func="FirstProject/internal/config.GetConfig.func1()" file="config.go:32"
time="2023-02-15T22:46:20+02:00" level=info msg="Create client database!" func="main.main()" file="app.go:24"
time="2023-02-15T22:46:20+02:00" level=fatal msg="dial tcp: lookup port=: no such host" func="main.main()" file="app.go:28"
time="2023-02-15T22:47:06+02:00" level=info msg="Create Httprouter!" func="main.main()" file="app.go:20"
time="2023-02-15T22:47:06+02:00" level=info msg="Create config!" func="main.main()" file="app.go:22"
time="2023-02-15T22:47:06+02:00" level=info msg="Read aplication configuration" func="FirstProject/internal/config.GetConfig.func1()" file="config.go:32"
time="2023-02-15T22:47:06+02:00" level=info msg="Create client database!" func="main.main()" file="app.go:24"
time="2023-02-15T22:47:06+02:00" level=fatal msg="dial tcp: lookup port=: no such host" func="main.main()" file="app.go:28"
time="2023-02-15T22:56:27+02:00" level=info msg="Create Httprouter!" func="main.main()" file="app.go:20"
time="2023-02-15T22:56:27+02:00" level=info msg="Create config!" func="main.main()" file="app.go:22"
time="2023-02-15T22:56:27+02:00" level=info msg="Read aplication configuration" func="FirstProject/internal/config.GetConfig.func1()" file="config.go:32"
time="2023-02-15T22:56:27+02:00" level=info msg="Create client database!" func="main.main()" file="app.go:24"
time="2023-02-15T22:56:27+02:00" level=info msg="host= port= user= password= dbname= sslmode=disable" func="FirstProject/pkg/db/postgres.NewClient()" file="client.go:32"
time="2023-02-15T22:56:27+02:00" level=fatal msg="dial tcp: lookup port=: no such host" func="main.main()" file="app.go:28"
time="2023-02-15T22:57:59+02:00" level=info msg="Create Httprouter!" func="main.main()" file="app.go:20"
time="2023-02-15T22:57:59+02:00" level=info msg="Create config!" func="main.main()" file="app.go:22"
time="2023-02-15T22:57:59+02:00" level=info msg="Read aplication configuration" func="FirstProject/internal/config.GetConfig.func1()" file="config.go:32"
time="2023-02-15T22:57:59+02:00" level=info msg="Create client database!" func="main.main()" file="app.go:24"
time="2023-02-15T22:57:59+02:00" level=info msg="host= port= user= password= dbname= sslmode=disable" func="FirstProject/pkg/db/postgres.NewClient()" file="client.go:32"
time="2023-02-15T22:57:59+02:00" level=fatal msg="dial tcp: lookup port=: no such host" func="main.main()" file="app.go:28"
time="2023-02-15T22:59:07+02:00" level=info msg="Create Httprouter!" func="main.main()" file="app.go:20"
time="2023-02-15T22:59:07+02:00" level=info msg="Create config!" func="main.main()" file="app.go:22"
time="2023-02-15T22:59:07+02:00" level=info msg="Read aplication configuration" func="FirstProject/internal/config.GetConfig.func1()" file="config.go:32"
time="2023-02-15T22:59:07+02:00" level=info msg="Create client database!" func="main.main()" file="app.go:24"
time="2023-02-15T22:59:07+02:00" level=info msg="host= port= user= password= dbname= sslmode=disable" func="FirstProject/pkg/db/postgres.NewClient()" file="client.go:32"
time="2023-02-15T22:59:07+02:00" level=fatal msg="dial tcp: lookup port=: no such host" func="main.main()" file="app.go:28"
time="2023-02-15T22:59:54+02:00" level=info msg="Create Httprouter!" func="main.main()" file="app.go:20"
time="2023-02-15T22:59:54+02:00" level=info msg="Create config!" func="main.main()" file="app.go:22"
time="2023-02-15T22:59:54+02:00" level=info msg="Read aplication configuration" func="FirstProject/internal/config.GetConfig.func1()" file="config.go:32"
time="2023-02-15T22:59:54+02:00" level=info msg="Create client database!" func="main.main()" file="app.go:24"
time="2023-02-15T22:59:54+02:00" level=info msg="host=localhost port=5432 user=postgres password=zaqaqazx099 dbname=restapi_dev sslmode=disable" func="FirstProject/pkg/db/postgres.NewClient()" file="client.go:32"
time="2023-02-15T22:59:55+02:00" level=info msg="listen tcp" func="main.start()" file="app.go:57"
time="2023-02-15T22:59:55+02:00" level=info msg="Server listen 127.0.0.1:10000" func="main.start()" file="app.go:59"
time="2023-02-16T22:12:52+02:00" level=info msg="Create Httprouter!" func="main.main()" file="app.go:21"
time="2023-02-16T22:12:52+02:00" level=info msg="Create config!" func="main.main()" file="app.go:23"
time="2023-02-16T22:12:52+02:00" level=info msg="Read aplication configuration" func="FirstProject/internal/config.GetConfig.func1()" file="config.go:32"
time="2023-02-16T22:12:52+02:00" level=info msg="Create client database!" func="main.main()" file="app.go:25"
time="2023-02-16T22:12:52+02:00" level=info msg="listen tcp" func="main.start()" file="app.go:58"
time="2023-02-16T22:12:52+02:00" level=info msg="Server listen 127.0.0.1:10000" func="main.start()" file="app.go:60"
time="2023-02-16T22:15:30+02:00" level=info msg="Create Httprouter!" func="main.main()" file="app.go:21"
time="2023-02-16T22:15:30+02:00" level=info msg="Create config!" func="main.main()" file="app.go:23"
time="2023-02-16T22:15:30+02:00" level=info msg="Read aplication configuration" func="FirstProject/internal/config.GetConfig.func1()" file="config.go:32"
time="2023-02-16T22:15:30+02:00" level=info msg="Create client database!" func="main.main()" file="app.go:25"
time="2023-02-16T22:15:30+02:00" level=info msg="listen tcp" func="main.start()" file="app.go:58"
time="2023-02-16T22:15:30+02:00" level=info msg="Server listen 127.0.0.1:10000" func="main.start()" file="app.go:60"
time="2023-02-16T22:20:32+02:00" level=info msg="Create Httprouter!" func="main.main()" file="app.go:21"
time="2023-02-16T22:20:32+02:00" level=info msg="Create config!" func="main.main()" file="app.go:23"
time="2023-02-16T22:20:32+02:00" level=info msg="Read aplication configuration" func="FirstProject/internal/config.GetConfig.func1()" file="config.go:32"
time="2023-02-16T22:20:32+02:00" level=info msg="Create client database!" func="main.main()" file="app.go:25"
time="2023-02-16T22:20:32+02:00" level=info msg="listen tcp" func="main.start()" file="app.go:58"
time="2023-02-16T22:20:32+02:00" level=info msg="Server listen 127.0.0.1:10000" func="main.start()" file="app.go:60"
time="2023-02-16T22:22:29+02:00" level=info msg="Create Httprouter!" func="main.main()" file="app.go:21"
time="2023-02-16T22:22:29+02:00" level=info msg="Create config!" func="main.main()" file="app.go:23"
time="2023-02-16T22:22:29+02:00" level=info msg="Read aplication configuration" func="FirstProject/internal/config.GetConfig.func1()" file="config.go:32"
time="2023-02-16T22:22:29+02:00" level=info msg="Create client database!" func="main.main()" file="app.go:25"
time="2023-02-16T22:23:01+02:00" level=info msg="listen tcp" func="main.start()" file="app.go:58"
time="2023-02-16T22:23:01+02:00" level=info msg="Server listen 127.0.0.1:10000" func="main.start()" file="app.go:60"
time="2023-02-16T22:23:08+02:00" level=info msg="Create Httprouter!" func="main.main()" file="app.go:21"
time="2023-02-16T22:23:08+02:00" level=info msg="Create config!" func="main.main()" file="app.go:23"
time="2023-02-16T22:23:08+02:00" level=info msg="Read aplication configuration" func="FirstProject/internal/config.GetConfig.func1()" file="config.go:32"
time="2023-02-16T22:23:08+02:00" level=info msg="Create client database!" func="main.main()" file="app.go:25"
time="2023-02-16T22:23:21+02:00" level=info msg="listen tcp" func="main.start()" file="app.go:58"
time="2023-02-16T22:23:21+02:00" level=info msg="Server listen 127.0.0.1:10000" func="main.start()" file="app.go:60"
time="2023-02-16T22:27:51+02:00" level=info msg="Create Httprouter!" func="main.main()" file="app.go:21"
time="2023-02-16T22:27:51+02:00" level=info msg="Create config!" func="main.main()" file="app.go:23"
time="2023-02-16T22:27:51+02:00" level=info msg="Read aplication configuration" func="FirstProject/internal/config.GetConfig.func1()" file="config.go:32"
time="2023-02-16T22:27:51+02:00" level=info msg="Create client database!" func="main.main()" file="app.go:25"
time="2023-02-16T22:27:56+02:00" level=info msg="listen tcp" func="main.start()" file="app.go:58"
time="2023-02-16T22:27:56+02:00" level=info msg="Server listen 127.0.0.1:10000" func="main.start()" file="app.go:60"
time="2023-02-16T22:27:58+02:00" level=info msg="Create Httprouter!" func="main.main()" file="app.go:21"
time="2023-02-16T22:27:58+02:00" level=info msg="Create config!" func="main.main()" file="app.go:23"
time="2023-02-16T22:27:58+02:00" level=info msg="Read aplication configuration" func="FirstProject/internal/config.GetConfig.func1()" file="config.go:32"
time="2023-02-16T22:27:58+02:00" level=info msg="Create client database!" func="main.main()" file="app.go:25"
time="2023-02-16T22:27:58+02:00" level=info msg="listen tcp" func="main.start()" file="app.go:58"
time="2023-02-16T22:27:58+02:00" level=info msg="Server listen 127.0.0.1:10000" func="main.start()" file="app.go:60"
time="2023-02-16T22:46:19+02:00" level=info msg="Create Httprouter!" func="main.main()" file="app.go:20"
time="2023-02-16T22:46:19+02:00" level=info msg="Create config!" func="main.main()" file="app.go:22"
time="2023-02-16T22:46:19+02:00" level=info msg="Read aplication configuration" func="FirstProject/internal/config.GetConfig.func1()" file="config.go:32"
time="2023-02-16T22:46:19+02:00" level=info msg="Create client database!" func="main.main()" file="app.go:24"
time="2023-02-16T22:46:19+02:00" level=info msg="listen tcp" func="main.start()" file="app.go:60"
time="2023-02-16T22:46:19+02:00" level=info msg="Server listen 127.0.0.1:10000" func="main.start()" file="app.go:62"
time="2023-02-16T22:48:57+02:00" level=info msg="Create Httprouter!" func="main.main()" file="app.go:20"
time="2023-02-16T22:48:57+02:00" level=info msg="Create config!" func="main.main()" file="app.go:22"
time="2023-02-16T22:48:57+02:00" level=info msg="Read aplication configuration" func="FirstProject/internal/config.GetConfig.func1()" file="config.go:32"
time="2023-02-16T22:48:57+02:00" level=info msg="Create client database!" func="main.main()" file="app.go:24"
time="2023-02-16T22:48:57+02:00" level=info msg="listen tcp" func="main.start()" file="app.go:60"
time="2023-02-16T22:48:57+02:00" level=info msg="Server listen 127.0.0.1:10000" func="main.start()" file="app.go:62"
time="2023-02-16T22:50:07+02:00" level=info msg="Create Httprouter!" func="main.main()" file="app.go:20"
time="2023-02-16T22:50:07+02:00" level=info msg="Create config!" func="main.main()" file="app.go:22"
time="2023-02-16T22:50:07+02:00" level=info msg="Read aplication configuration" func="FirstProject/internal/config.GetConfig.func1()" file="config.go:32"
time="2023-02-16T22:50:07+02:00" level=info msg="Create client database!" func="main.main()" file="app.go:24"
time="2023-02-16T22:50:07+02:00" level=info msg="listen tcp" func="main.start()" file="app.go:60"
time="2023-02-16T22:50:07+02:00" level=info msg="Server listen 127.0.0.1:8080" func="main.start()" file="app.go:62"
time="2023-02-16T22:50:07+02:00" level=fatal msg="listen tcp 127.0.0.1:8080: bind: An attempt was made to access a socket in a way forbidden by its access permissions." func="main.start()" file="app.go:65"
time="2023-02-16T22:50:55+02:00" level=info msg="Create Httprouter!" func="main.main()" file="app.go:20"
time="2023-02-16T22:50:55+02:00" level=info msg="Create config!" func="main.main()" file="app.go:22"
time="2023-02-16T22:50:55+02:00" level=info msg="Read aplication configuration" func="FirstProject/internal/config.GetConfig.func1()" file="config.go:32"
time="2023-02-16T22:50:55+02:00" level=info msg="Create client database!" func="main.main()" file="app.go:24"
time="2023-02-16T22:50:55+02:00" level=info msg="listen tcp" func="main.start()" file="app.go:60"
time="2023-02-16T22:50:55+02:00" level=info msg="Server listen 127.0.0.1:80" func="main.start()" file="app.go:62"
time="2023-02-16T22:51:29+02:00" level=info msg="Create Httprouter!" func="main.main()" file="app.go:20"
time="2023-02-16T22:51:29+02:00" level=info msg="Create config!" func="main.main()" file="app.go:22"
time="2023-02-16T22:51:29+02:00" level=info msg="Read aplication configuration" func="FirstProject/internal/config.GetConfig.func1()" file="config.go:32"
time="2023-02-16T22:51:29+02:00" level=info msg="Create client database!" func="main.main()" file="app.go:24"
time="2023-02-16T22:51:29+02:00" level=info msg="listen tcp" func="main.start()" file="app.go:60"
time="2023-02-16T22:51:29+02:00" level=info msg="Server listen 127.0.0.1:8033" func="main.start()" file="app.go:62"
time="2023-02-16T22:52:24+02:00" level=info msg="Create Httprouter!" func="main.main()" file="app.go:20"
time="2023-02-16T22:52:24+02:00" level=info msg="Create config!" func="main.main()" file="app.go:22"
time="2023-02-16T22:52:24+02:00" level=info msg="Read aplication configuration" func="FirstProject/internal/config.GetConfig.func1()" file="config.go:32"
time="2023-02-16T22:52:24+02:00" level=info msg="Create client database!" func="main.main()" file="app.go:24"
time="2023-02-16T22:52:24+02:00" level=info msg="listen tcp" func="main.start()" file="app.go:60"
time="2023-02-16T22:52:24+02:00" level=info msg="Server listen 127.0.0.1:1234" func="main.start()" file="app.go:62"
time="2023-02-16T22:55:19+02:00" level=info msg="Create Httprouter!" func="main.main()" file="app.go:19"
time="2023-02-16T22:55:19+02:00" level=info msg="Create config!" func="main.main()" file="app.go:21"
time="2023-02-16T22:55:19+02:00" level=info msg="Read aplication configuration" func="FirstProject/internal/config.GetConfig.func1()" file="config.go:32"
time="2023-02-16T22:55:19+02:00" level=info msg="Create client database!" func="main.main()" file="app.go:23"
time="2023-02-16T22:55:19+02:00" level=info msg="listen tcp" func="main.start()" file="app.go:59"
time="2023-02-16T22:55:19+02:00" level=info msg="Server listen 127.0.0.1:1234" func="main.start()" file="app.go:61"
time="2023-02-16T22:58:51+02:00" level=info msg="Create Httprouter!" func="main.main()" file="app.go:19"
time="2023-02-16T22:58:51+02:00" level=info msg="Create config!" func="main.main()" file="app.go:21"
time="2023-02-16T22:58:51+02:00" level=info msg="Read aplication configuration" func="FirstProject/internal/config.GetConfig.func1()" file="config.go:32"
time="2023-02-16T22:58:51+02:00" level=info msg="Create client database!" func="main.main()" file="app.go:23"
time="2023-02-16T22:58:51+02:00" level=info msg="listen tcp" func="main.start()" file="app.go:59"
time="2023-02-16T22:58:51+02:00" level=info msg="Server listen 127.0.0.1:1234" func="main.start()" file="app.go:61"
time="2023-02-16T22:58:59+02:00" level=info msg="Хендлер CreateUser" func="FirstProject/internal/handlers/http/v1.(*userHandler).CreateUser()" file="user.go:31"
time="2023-02-16T23:13:24+02:00" level=info msg="Хендлер CreateUser" func="FirstProject/internal/handlers/http/v1.(*userHandler).CreateUser()" file="user.go:31"
time="2023-02-16T23:15:43+02:00" level=info msg="Create Httprouter!" func="main.main()" file="app.go:19"
time="2023-02-16T23:15:43+02:00" level=info msg="Create config!" func="main.main()" file="app.go:21"
time="2023-02-16T23:15:43+02:00" level=info msg="Read aplication configuration" func="FirstProject/internal/config.GetConfig.func1()" file="config.go:32"
time="2023-02-16T23:15:43+02:00" level=info msg="Create client database!" func="main.main()" file="app.go:23"
time="2023-02-16T23:15:43+02:00" level=info msg="listen tcp" func="main.start()" file="app.go:59"
time="2023-02-16T23:15:43+02:00" level=info msg="Server listen 127.0.0.1:1234" func="main.start()" file="app.go:61"
time="2023-02-16T23:16:35+02:00" level=info msg="Хендлер CreateUser" func="FirstProject/internal/handlers/http/v1.(*userHandler).CreateUser()" file="user.go:34"
time="2023-02-16T23:16:35+02:00" level=fatal msg=EOF func="FirstProject/internal/handlers/http/v1.(*userHandler).CreateUser()" file="user.go:39"
time="2023-02-16T23:18:24+02:00" level=info msg="Create Httprouter!" func="main.main()" file="app.go:19"
time="2023-02-16T23:18:24+02:00" level=info msg="Create config!" func="main.main()" file="app.go:21"
time="2023-02-16T23:18:24+02:00" level=info msg="Read aplication configuration" func="FirstProject/internal/config.GetConfig.func1()" file="config.go:32"
time="2023-02-16T23:18:24+02:00" level=info msg="Create client database!" func="main.main()" file="app.go:23"
time="2023-02-16T23:18:24+02:00" level=info msg="listen tcp" func="main.start()" file="app.go:59"
time="2023-02-16T23:18:24+02:00" level=info msg="Server listen 127.0.0.1:1234" func="main.start()" file="app.go:61"
time="2023-02-16T23:18:55+02:00" level=info msg="Хендлер CreateUser" func="FirstProject/internal/handlers/http/v1.(*userHandler).CreateUser()" file="user.go:34"
time="2023-02-16T23:18:55+02:00" level=fatal msg=EOF func="FirstProject/internal/handlers/http/v1.(*userHandler).CreateUser()" file="user.go:39"
time="2023-02-16T23:19:58+02:00" level=info msg="Create Httprouter!" func="main.main()" file="app.go:19"
time="2023-02-16T23:19:58+02:00" level=info msg="Create config!" func="main.main()" file="app.go:21"
time="2023-02-16T23:19:58+02:00" level=info msg="Read aplication configuration" func="FirstProject/internal/config.GetConfig.func1()" file="config.go:32"
time="2023-02-16T23:19:58+02:00" level=info msg="Create client database!" func="main.main()" file="app.go:23"
time="2023-02-16T23:19:58+02:00" level=info msg="listen tcp" func="main.start()" file="app.go:59"
time="2023-02-16T23:19:58+02:00" level=info msg="Server listen 127.0.0.1:1234" func="main.start()" file="app.go:61"
time="2023-02-16T23:20:12+02:00" level=info msg="Хендлер CreateUser" func="FirstProject/internal/handlers/http/v1.(*userHandler).CreateUser()" file="user.go:32"
time="2023-02-16T23:20:12+02:00" level=info msg="&{{} [] {[] 0 0 {<nil> false [] <nil> 0} <nil> <nil> false false} 0 0 {<nil> false [] <nil> 0} <nil> 0 []}" func="FirstProject/internal/handlers/http/v1.(*userHandler).CreateUser()" file="user.go:44"
time="2023-02-16T23:21:11+02:00" level=info msg="Хендлер CreateUser" func="FirstProject/internal/handlers/http/v1.(*userHandler).CreateUser()" file="user.go:32"
time="2023-02-16T23:21:11+02:00" level=info msg="&{{} [] {[] 0 0 {<nil> false [] <nil> 0} <nil> <nil> false false} 0 0 {<nil> false [] <nil> 0} <nil> 0 []}" func="FirstProject/internal/handlers/http/v1.(*userHandler).CreateUser()" file="user.go:44"
time="2023-02-16T23:21:46+02:00" level=info msg="Create Httprouter!" func="main.main()" file="app.go:19"
time="2023-02-16T23:21:46+02:00" level=info msg="Create config!" func="main.main()" file="app.go:21"
time="2023-02-16T23:21:46+02:00" level=info msg="Read aplication configuration" func="FirstProject/internal/config.GetConfig.func1()" file="config.go:32"
time="2023-02-16T23:21:46+02:00" level=info msg="Create client database!" func="main.main()" file="app.go:23"
time="2023-02-16T23:21:46+02:00" level=info msg="listen tcp" func="main.start()" file="app.go:59"
time="2023-02-16T23:21:46+02:00" level=info msg="Server listen 127.0.0.1:1234" func="main.start()" file="app.go:61"
time="2023-02-16T23:21:48+02:00" level=info msg="Хендлер CreateUser" func="FirstProject/internal/handlers/http/v1.(*userHandler).CreateUser()" file="user.go:31"
time="2023-02-16T23:21:48+02:00" level=info msg="{}" func="FirstProject/internal/handlers/http/v1.(*userHandler).CreateUser()" file="user.go:43"
time="2023-02-16T23:23:05+02:00" level=info msg="Create Httprouter!" func="main.main()" file="app.go:19"
time="2023-02-16T23:23:05+02:00" level=info msg="Create config!" func="main.main()" file="app.go:21"
time="2023-02-16T23:23:05+02:00" level=info msg="Read aplication configuration" func="FirstProject/internal/config.GetConfig.func1()" file="config.go:32"
time="2023-02-16T23:23:05+02:00" level=info msg="Create client database!" func="main.main()" file="app.go:23"
time="2023-02-16T23:23:05+02:00" level=info msg="listen tcp" func="main.start()" file="app.go:59"
time="2023-02-16T23:23:05+02:00" level=info msg="Server listen 127.0.0.1:1234" func="main.start()" file="app.go:61"
time="2023-02-16T23:23:10+02:00" level=info msg="Хендлер CreateUser" func="FirstProject/internal/handlers/http/v1.(*userHandler).CreateUser()" file="user.go:33"
time="2023-02-16T23:23:10+02:00" level=info msg=EOF func="FirstProject/internal/handlers/http/v1.(*userHandler).CreateUser()" file="user.go:45"
time="2023-02-16T23:23:41+02:00" level=info msg="Create Httprouter!" func="main.main()" file="app.go:19"
time="2023-02-16T23:23:41+02:00" level=info msg="Create config!" func="main.main()" file="app.go:21"
time="2023-02-16T23:23:41+02:00" level=info msg="Read aplication configuration" func="FirstProject/internal/config.GetConfig.func1()" file="config.go:32"
time="2023-02-16T23:23:41+02:00" level=info msg="Create client database!" func="main.main()" file="app.go:23"
time="2023-02-16T23:23:41+02:00" level=info msg="listen tcp" func="main.start()" file="app.go:59"
time="2023-02-16T23:23:41+02:00" level=info msg="Server listen 127.0.0.1:1234" func="main.start()" file="app.go:61"
time="2023-02-16T23:23:45+02:00" level=info msg="Хендлер CreateUser" func="FirstProject/internal/handlers/http/v1.(*userHandler).CreateUser()" file="user.go:33"
time="2023-02-16T23:23:45+02:00" level=info msg="{ }" func="FirstProject/internal/handlers/http/v1.(*userHandler).CreateUser()" file="user.go:46"
time="2023-02-16T23:31:31+02:00" level=info msg="Create Httprouter!" func="main.main()" file="app.go:19"
time="2023-02-16T23:31:31+02:00" level=info msg="Create config!" func="main.main()" file="app.go:21"
time="2023-02-16T23:31:31+02:00" level=info msg="Read aplication configuration" func="FirstProject/internal/config.GetConfig.func1()" file="config.go:32"
time="2023-02-16T23:31:31+02:00" level=info msg="Create client database!" func="main.main()" file="app.go:23"
time="2023-02-16T23:31:31+02:00" level=info msg="listen tcp" func="main.start()" file="app.go:59"
time="2023-02-16T23:31:31+02:00" level=info msg="Server listen 127.0.0.1:1234" func="main.start()" file="app.go:61"
time="2023-02-16T23:31:38+02:00" level=info msg="Хендлер CreateUser" func="FirstProject/internal/handlers/http/v1.(*userHandler).CreateUser()" file="user.go:33"
time="2023-02-16T23:31:38+02:00" level=fatal msg=EOF func="FirstProject/internal/handlers/http/v1.(*userHandler).CreateUser()" file="user.go:39"
time="2023-02-16T23:40:34+02:00" level=info msg="Create Httprouter!" func="main.main()" file="app.go:19"
time="2023-02-16T23:40:34+02:00" level=info msg="Create config!" func="main.main()" file="app.go:21"
time="2023-02-16T23:40:34+02:00" level=info msg="Read aplication configuration" func="FirstProject/internal/config.GetConfig.func1()" file="config.go:32"
time="2023-02-16T23:40:34+02:00" level=info msg="Create client database!" func="main.main()" file="app.go:23"
time="2023-02-16T23:40:34+02:00" level=info msg="listen tcp" func="main.start()" file="app.go:59"
time="2023-02-16T23:40:34+02:00" level=info msg="Server listen 127.0.0.1:1234" func="main.start()" file="app.go:61"
time="2023-02-16T23:40:41+02:00" level=info msg="Хендлер CreateUser" func="FirstProject/internal/handlers/http/v1.(*userHandler).CreateUser()" file="user.go:33"
time="2023-02-16T23:40:41+02:00" level=info msg="&{lasytown09987666@gmail.com zaqaqazx099}" func="FirstProject/internal/handlers/http/v1.(*userHandler).CreateUser()" file="user.go:47"
time="2023-02-17T01:07:19+02:00" level=info msg="Create Httprouter!" func="main.main()" file="app.go:20"
time="2023-02-17T01:07:19+02:00" level=info msg="Create config!" func="main.main()" file="app.go:22"
time="2023-02-17T01:07:19+02:00" level=info msg="Read aplication configuration" func="FirstProject/internal/config.GetConfig.func1()" file="config.go:32"
time="2023-02-17T01:07:19+02:00" level=info msg="Create client database!" func="main.main()" file="app.go:24"
time="2023-02-17T01:07:19+02:00" level=info msg="listen tcp" func="main.start()" file="app.go:55"
time="2023-02-17T01:07:19+02:00" level=info msg="Server listen 127.0.0.1:1234" func="main.start()" file="app.go:57"
time="2023-02-17T01:12:20+02:00" level=info msg="Create Httprouter!" func="main.main()" file="app.go:22"
time="2023-02-17T01:12:20+02:00" level=info msg="Create config!" func="main.main()" file="app.go:24"
time="2023-02-17T01:12:20+02:00" level=info msg="Read aplication configuration" func="FirstProject/internal/config.GetConfig.func1()" file="config.go:32"
time="2023-02-17T01:12:20+02:00" level=info msg="Create client database!" func="main.main()" file="app.go:26"
time="2023-02-17T01:12:20+02:00" level=info msg="listen tcp" func="main.start()" file="app.go:55"
time="2023-02-17T01:12:20+02:00" level=info msg="Server listen 127.0.0.1:1234" func="main.start()" file="app.go:57"
time="2023-02-17T01:12:42+02:00" level=info msg="Create user in Handler" func="FirstProject/internal/handlers/http/v1.(*userHandler).CreateUser()" file="user.go:37"
time="2023-02-17T01:12:42+02:00" level=info msg="Create user in service" func="FirstProject/internal/domain/service.(*userService).CreateUser()" file="user.go:22"
time="2023-02-17T01:12:42+02:00" level=info msg="&{lasytown09987666@gmail.com zaqaqazx099}" func="FirstProject/internal/domain/service.(*userService).CreateUser()" file="user.go:23"
time="2023-02-17T23:51:17+02:00" level=info msg="Create Httprouter!" func="main.main()" file="app.go:22"
time="2023-02-17T23:51:17+02:00" level=info msg="Create config!" func="main.main()" file="app.go:24"
time="2023-02-17T23:51:17+02:00" level=info msg="Read aplication configuration" func="FirstProject/internal/config.GetConfig.func1()" file="config.go:32"
time="2023-02-17T23:51:17+02:00" level=info msg="Create client database!" func="main.main()" file="app.go:26"
time="2023-02-17T23:51:17+02:00" level=info msg="listen tcp" func="main.start()" file="app.go:55"
time="2023-02-17T23:51:17+02:00" level=info msg="Server listen 127.0.0.1:1234" func="main.start()" file="app.go:57"
time="2023-02-17T23:51:49+02:00" level=info msg="Create user in Handler" func="FirstProject/internal/handlers/http/v1.(*userHandler).CreateUser()" file="user.go:37"
time="2023-02-17T23:51:49+02:00" level=info msg="Create user in service" func="FirstProject/internal/domain/service.(*userService).CreateUser()" file="user.go:22"
time="2023-02-17T23:51:49+02:00" level=info msg="&{lasytown09987666@gmail.com zaqaqazx099}" func="FirstProject/internal/domain/service.(*userService).CreateUser()" file="user.go:23"
time="2023-02-17T23:51:49+02:00" level=info msg="&{1 lasytown09987666@gmail.com zaqaqazx099}" func="FirstProject/internal/domain/service.(*userService).CreateUser()" file="user.go:36"
time="2023-02-18T00:24:47+02:00" level=info msg="Create Httprouter!" func="main.main()" file="app.go:22"
time="2023-02-18T00:24:47+02:00" level=info msg="Create config!" func="main.main()" file="app.go:24"
time="2023-02-18T00:24:47+02:00" level=info msg="Read aplication configuration" func="FirstProject/internal/config.GetConfig.func1()" file="config.go:32"
time="2023-02-18T00:24:47+02:00" level=info msg="Create client database!" func="main.main()" file="app.go:26"
time="2023-02-18T00:24:48+02:00" level=info msg="listen tcp" func="main.start()" file="app.go:55"
time="2023-02-18T00:24:48+02:00" level=info msg="Server listen 127.0.0.1:1234" func="main.start()" file="app.go:57"
time="2023-02-18T00:24:53+02:00" level=info msg="Create user in Handler" func="FirstProject/internal/handlers/http/v1.(*userHandler).CreateUser()" file="user.go:37"
time="2023-02-18T00:24:53+02:00" level=info msg="Create user in service" func="FirstProject/internal/domain/service.(*userService).CreateUser()" file="user.go:23"
time="2023-02-18T00:24:53+02:00" level=info msg="&{lasytown09987666@gmail.com zaqaqazx099}" func="FirstProject/internal/domain/service.(*userService).CreateUser()" file="user.go:24"
time="2023-02-18T00:24:53+02:00" level=fatal msg="pq: повторяющееся значение ключа нарушает ограничение уникальности \"users_email_key\"" func="FirstProject/internal/domain/service.(*userService).CreateUser()" file="user.go:39"
time="2023-02-18T00:29:47+02:00" level=info msg="Create Httprouter!" func="main.main()" file="app.go:22"
time="2023-02-18T00:29:47+02:00" level=info msg="Create config!" func="main.main()" file="app.go:24"
time="2023-02-18T00:29:47+02:00" level=info msg="Read aplication configuration" func="FirstProject/internal/config.GetConfig.func1()" file="config.go:32"
time="2023-02-18T00:29:47+02:00" level=info msg="Create client database!" func="main.main()" file="app.go:26"
time="2023-02-18T00:29:47+02:00" level=info msg="listen tcp" func="main.start()" file="app.go:55"
time="2023-02-18T00:29:47+02:00" level=info msg="Server listen 127.0.0.1:1234" func="main.start()" file="app.go:57"
time="2023-02-18T00:30:03+02:00" level=info msg="Create user in Handler" func="FirstProject/internal/handlers/http/v1.(*userHandler).CreateUser()" file="user.go:37"
time="2023-02-18T00:30:03+02:00" level=info msg="Create user in service" func="FirstProject/internal/domain/service.(*userService).CreateUser()" file="user.go:23"
time="2023-02-18T00:30:03+02:00" level=info msg="&{lasytown@gmail.com zaqaqazx099}" func="FirstProject/internal/domain/service.(*userService).CreateUser()" file="user.go:24"
time="2023-02-18T00:30:03+02:00" level=info msg="&{3 lasytown@gmail.com $2a$04$iflg2idk.BTEDvGdTdE1devHbnHTksLEKsDgtEKkIauMjbTb5uS7e}" func="FirstProject/internal/domain/service.(*userService).CreateUser()" file="user.go:42"
time="2023-02-18T00:39:37+02:00" level=info msg="Create Httprouter!" func="main.main()" file="app.go:22"
time="2023-02-18T00:39:37+02:00" level=info msg="Create config!" func="main.main()" file="app.go:24"
time="2023-02-18T00:39:37+02:00" level=info msg="Read aplication configuration" func="FirstProject/internal/config.GetConfig.func1()" file="config.go:32"
time="2023-02-18T00:39:37+02:00" level=info msg="Create client database!" func="main.main()" file="app.go:26"
time="2023-02-18T00:39:37+02:00" level=info msg="listen tcp" func="main.start()" file="app.go:55"
time="2023-02-18T00:39:37+02:00" level=info msg="Server listen 127.0.0.1:1234" func="main.start()" file="app.go:57"
time="2023-02-18T00:39:45+02:00" level=info msg="Create user in Handler" func="FirstProject/internal/handlers/http/v1.(*userHandler).CreateUser()" file="user.go:37"
time="2023-02-18T00:39:45+02:00" level=info msg="Create user in service" func="FirstProject/internal/domain/service.(*userService).CreateUser()" file="user.go:25"
time="2023-02-18T00:39:45+02:00" level=info msg="&{lasytown zaqaqazx099}" func="FirstProject/internal/domain/service.(*userService).CreateUser()" file="user.go:26"
time="2023-02-18T00:39:45+02:00" level=fatal msg="Email: must be a valid email address." func="FirstProject/internal/handlers/http/v1.(*userHandler).CreateUser()" file="user.go:50"
